[debug] [2025-10-16T13:05:14.683Z] ----------------------------------------------------------------------
[debug] [2025-10-16T13:05:14.684Z] Command:       /Users/paulooliveira/.nvm/versions/node/v22.18.0/bin/node /Users/paulooliveira/.nvm/versions/node/v22.18.0/bin/firebase init functions
[debug] [2025-10-16T13:05:14.685Z] CLI Version:   14.12.1
[debug] [2025-10-16T13:05:14.685Z] Platform:      darwin
[debug] [2025-10-16T13:05:14.685Z] Node Version:  v22.18.0
[debug] [2025-10-16T13:05:14.685Z] Time:          Thu Oct 16 2025 10:05:14 GMT-0300 (Brasilia Standard Time)
[debug] [2025-10-16T13:05:14.685Z] ----------------------------------------------------------------------
[debug] 
[debug] [2025-10-16T13:05:14.687Z] > command requires scopes: ["email","openid","https://www.googleapis.com/auth/cloudplatformprojects.readonly","https://www.googleapis.com/auth/firebase","https://www.googleapis.com/auth/cloud-platform"]
[debug] [2025-10-16T13:05:14.688Z] > authorizing via signed-in user (contato@pholiveira.dev)
[info] 
     ######## #### ########  ######## ########     ###     ######  ########
     ##        ##  ##     ## ##       ##     ##  ##   ##  ##       ##
     ######    ##  ########  ######   ########  #########  ######  ######
     ##        ##  ##    ##  ##       ##     ## ##     ##       ## ##
     ##       #### ##     ## ######## ########  ##     ##  ######  ########

You're about to initialize a Firebase project in this directory:

  /Users/paulooliveira/Documents/Projects/Personal/invoice-bot/apps/backend

[info] 
=== Project Setup
[info] 
[info] First, let's associate this project directory with a Firebase project.
[info] You can create multiple project aliases by running firebase use --add, 
[info] but for now we'll just set up a default project.
[info] 
[debug] [2025-10-16T13:05:24.443Z] Checked if tokens are valid: false, expires at: 1760581558015
[debug] [2025-10-16T13:05:24.443Z] Checked if tokens are valid: false, expires at: 1760581558015
[debug] [2025-10-16T13:05:24.443Z] > refreshing access token with scopes: []
[debug] [2025-10-16T13:05:24.445Z] >>> [apiv2][query] POST https://www.googleapis.com/oauth2/v3/token [none]
[debug] [2025-10-16T13:05:24.445Z] >>> [apiv2][body] POST https://www.googleapis.com/oauth2/v3/token [omitted]
[debug] [2025-10-16T13:05:24.754Z] <<< [apiv2][status] POST https://www.googleapis.com/oauth2/v3/token 200
[debug] [2025-10-16T13:05:24.755Z] <<< [apiv2][body] POST https://www.googleapis.com/oauth2/v3/token [omitted]
[debug] [2025-10-16T13:05:24.769Z] >>> [apiv2][query] GET https://firebase.googleapis.com/v1beta1/projects pageSize=100
[debug] [2025-10-16T13:05:25.972Z] <<< [apiv2][status] GET https://firebase.googleapis.com/v1beta1/projects 200
[debug] [2025-10-16T13:05:25.972Z] <<< [apiv2][body] GET https://firebase.googleapis.com/v1beta1/projects [omitted]
[info] i  Using project invoice-bot-mvp (invoice-bot-mvp) 
[info] 
=== Functions Setup
[debug] [2025-10-16T13:05:32.736Z] > command requires scopes: ["email","openid","https://www.googleapis.com/auth/cloudplatformprojects.readonly","https://www.googleapis.com/auth/firebase","https://www.googleapis.com/auth/cloud-platform"]
[debug] [2025-10-16T13:05:32.737Z] > authorizing via signed-in user (contato@pholiveira.dev)
[debug] [2025-10-16T13:05:32.737Z] [iam] checking project invoice-bot-mvp for permissions ["firebase.projects.get"]
[debug] [2025-10-16T13:05:32.737Z] Checked if tokens are valid: true, expires at: 1760623523755
[debug] [2025-10-16T13:05:32.738Z] Checked if tokens are valid: true, expires at: 1760623523755
[debug] [2025-10-16T13:05:32.738Z] >>> [apiv2][query] POST https://cloudresourcemanager.googleapis.com/v1/projects/invoice-bot-mvp:testIamPermissions [none]
[debug] [2025-10-16T13:05:32.738Z] >>> [apiv2][(partial)header] POST https://cloudresourcemanager.googleapis.com/v1/projects/invoice-bot-mvp:testIamPermissions x-goog-quota-user=projects/invoice-bot-mvp
[debug] [2025-10-16T13:05:32.738Z] >>> [apiv2][body] POST https://cloudresourcemanager.googleapis.com/v1/projects/invoice-bot-mvp:testIamPermissions {"permissions":["firebase.projects.get"]}
[debug] [2025-10-16T13:05:33.869Z] <<< [apiv2][status] POST https://cloudresourcemanager.googleapis.com/v1/projects/invoice-bot-mvp:testIamPermissions 200
[debug] [2025-10-16T13:05:33.869Z] <<< [apiv2][body] POST https://cloudresourcemanager.googleapis.com/v1/projects/invoice-bot-mvp:testIamPermissions {"permissions":["firebase.projects.get"]}
[debug] [2025-10-16T13:05:33.871Z] Checked if tokens are valid: true, expires at: 1760623523755
[debug] [2025-10-16T13:05:33.871Z] Checked if tokens are valid: true, expires at: 1760623523755
[debug] [2025-10-16T13:05:33.871Z] Checked if tokens are valid: true, expires at: 1760623523755
[debug] [2025-10-16T13:05:33.871Z] Checked if tokens are valid: true, expires at: 1760623523755
[debug] [2025-10-16T13:05:33.871Z] >>> [apiv2][query] GET https://serviceusage.googleapis.com/v1/projects/invoice-bot-mvp/services/cloudfunctions.googleapis.com [none]
[debug] [2025-10-16T13:05:33.871Z] >>> [apiv2][(partial)header] GET https://serviceusage.googleapis.com/v1/projects/invoice-bot-mvp/services/cloudfunctions.googleapis.com x-goog-quota-user=projects/invoice-bot-mvp
[debug] [2025-10-16T13:05:33.873Z] >>> [apiv2][query] GET https://serviceusage.googleapis.com/v1/projects/invoice-bot-mvp/services/runtimeconfig.googleapis.com [none]
[debug] [2025-10-16T13:05:33.873Z] >>> [apiv2][(partial)header] GET https://serviceusage.googleapis.com/v1/projects/invoice-bot-mvp/services/runtimeconfig.googleapis.com x-goog-quota-user=projects/invoice-bot-mvp
[debug] [2025-10-16T13:05:35.120Z] <<< [apiv2][status] GET https://serviceusage.googleapis.com/v1/projects/invoice-bot-mvp/services/cloudfunctions.googleapis.com 200
[debug] [2025-10-16T13:05:35.120Z] <<< [apiv2][body] GET https://serviceusage.googleapis.com/v1/projects/invoice-bot-mvp/services/cloudfunctions.googleapis.com [omitted]
[debug] [2025-10-16T13:05:35.121Z] Checked if tokens are valid: true, expires at: 1760623523755
[debug] [2025-10-16T13:05:35.121Z] Checked if tokens are valid: true, expires at: 1760623523755
[debug] [2025-10-16T13:05:35.121Z] >>> [apiv2][query] POST https://serviceusage.googleapis.com/v1/projects/invoice-bot-mvp/services/cloudfunctions.googleapis.com:enable [none]
[debug] [2025-10-16T13:05:35.121Z] >>> [apiv2][(partial)header] POST https://serviceusage.googleapis.com/v1/projects/invoice-bot-mvp/services/cloudfunctions.googleapis.com:enable x-goog-quota-user=projects/invoice-bot-mvp
[debug] [2025-10-16T13:05:35.123Z] <<< [apiv2][status] GET https://serviceusage.googleapis.com/v1/projects/invoice-bot-mvp/services/runtimeconfig.googleapis.com 200
[debug] [2025-10-16T13:05:35.123Z] <<< [apiv2][body] GET https://serviceusage.googleapis.com/v1/projects/invoice-bot-mvp/services/runtimeconfig.googleapis.com [omitted]
[debug] [2025-10-16T13:05:36.371Z] <<< [apiv2][status] POST https://serviceusage.googleapis.com/v1/projects/invoice-bot-mvp/services/cloudfunctions.googleapis.com:enable 200
[debug] [2025-10-16T13:05:36.372Z] <<< [apiv2][body] POST https://serviceusage.googleapis.com/v1/projects/invoice-bot-mvp/services/cloudfunctions.googleapis.com:enable [omitted]
[info] Let's create a new codebase for your functions.
[info] A directory corresponding to the codebase will be created in your project
[info] with sample code pre-configured.

[info] See https://firebase.google.com/docs/functions/organize-functions for
[info] more information on organizing your functions using codebases.

[info] Functions can be deployed with firebase deploy.

[info] ✔  Wrote functions/package.json 
[info] ✔  Wrote functions/.eslintrc.js 
[info] ✔  Wrote functions/index.js 
[info] ✔  Wrote functions/.gitignore 
